                      :-) GROMACS - gmx mdrun, 2025.3 (-:

Copyright 1991-2025 The GROMACS Authors.
GROMACS is free software; you can redistribute it and/or modify it
under the terms of the GNU Lesser General Public License
as published by the Free Software Foundation; either version 2.1
of the License, or (at your option) any later version.

                         Current GROMACS contributors:
       Mark Abraham           Andrey Alekseenko           Brian Andrews       
      Vladimir Basov              Paul Bauer                Hugh Bird         
      Eliane Briand               Ania Brown              Mahesh Doijade      
      Giacomo Fiorin          Stefan Fleischmann          Sergey Gorelov      
   Gilles Gouaillardet            Alan Gray              M. Eric Irrgang      
   Farzaneh Jalalypour         Petter Johansson          Carsten Kutzner      
    Grzegorz Łazarski         Justin A. Lemkul          Magnus Lundborg      
       Pascal Merz             Vedran Miletić            Dmitry Morozov      
     Lukas Müllender            Julien Nabet             Szilárd Páll      
 Andrea Pasquadibisceglie     Michele Pellegrino         Nicola Piasentin     
     Daniele Rapetti         Muhammad Umair Sadiq         Hubert Santuz       
      Roland Schulz             Michael Shirts           Tatiana Shugaeva     
     Alexey Shvetsov            Philip Turner            Alessandra Villa     
 Sebastian Wingbermühle  

                         Previous GROMACS contributors:
        Emile Apol             Rossen Apostolov           James Barnett       
  Herman J.C. Berendsen         Cathrine Bergh             Par Bjelkmar       
      Christian Blau          Viacheslav Bolnykh            Kevin Boyd        
    Aldert van Buuren          Carlo Camilloni           Rudi van Drunen      
      Anton Feenstra           Oliver Fleetwood            Vytas Gapsys       
       Gaurav Garg             Gerrit Groenhof            Bert de Groot       
      Anca Hamuraru           Vincent Hindriksen          Victor Holanda      
     Aleksei Iupinov              Joe Jordan            Christoph Junghans    
    Prashanth Kanduri        Dimitrios Karkoulis           Peter Kasson       
      Sebastian Kehl           Sebastian Keller             Jiri Kraus        
       Per Larsson              Viveca Lindahl            Erik Marklund       
    Pieter Meulenhoff           Teemu Murtola              Sander Pronk       
      Alfons Sijbers            Balint Soproni         David van der Spoel    
      Peter Tieleman            Carsten Uphoff             Jon Vincent        
     Teemu Virolainen         Christian Wennberg           Maarten Wolf       
      Artem Zhmurov       

                  Coordinated by the GROMACS project leaders:
                           Berk Hess and Erik Lindahl

GROMACS:      gmx mdrun, version 2025.3
Executable:   C:\Program Files\Gromacs\gmx.exe
Data prefix:  C:\Program Files (x86)\Gromacs
Working dir:  C:\Users\the_a\code\Bio\molchanica\gromacs_layer_out
Process ID:   41644
Command line:
  gmx mdrun -s topol.tpr -o traj.trr -x traj.xtc -c confout.gro -e energy.edr -g md.log

GROMACS version:     2025.3
Precision:           mixed
Memory model:        64 bit
MPI library:         thread_mpi
OpenMP support:      enabled (GMX_OPENMP_MAX_THREADS = 128)
GPU support:         disabled
SIMD instructions:   AVX_512
CPU FFT library:     fftw3
GPU FFT library:     none
Multi-GPU FFT:       none
RDTSCP usage:        enabled
TNG support:         enabled
Hwloc support:       disabled
Tracing support:     disabled
C compiler:          C:/Program Files/Microsoft Visual Studio/2022/Community/VC/Tools/MSVC/14.44.35207/bin/Hostx64/x64/cl.exe MSVC 19.44.35214.0
C compiler flags:    /arch:AVX512 /O2 /Ob2 /DNDEBUG
C++ compiler:        C:/Program Files/Microsoft Visual Studio/2022/Community/VC/Tools/MSVC/14.44.35207/bin/Hostx64/x64/cl.exe MSVC 19.44.35214.0
C++ compiler flags:  /arch:AVX512 /wd4800 /wd4355 /wd4996 /wd4305 /wd4244 /wd4101 /wd4267 /wd4090 /wd4068 /permissive- /utf-8 /analyze /analyze:stacksize 70000 /wd6001 /wd6011 /wd6053 /wd6054 /wd6385 /wd6386 /wd6387 /wd28199 /wd6239 /wd6240 /wd6294 /wd6326 /wd28020 /wd6330 /wd6993 /wd6031 /wd6244 /wd6246 SHELL:-openmp /O2 /Ob2 /DNDEBUG
BLAS library:        Internal
LAPACK library:      Internal


Running on 1 node with total 16 cores, 32 processing units
Hardware detected on host DESKTOP-PC:
  CPU info:
    Vendor: AMD
    Brand:  AMD Ryzen 9 9950X 16-Core Processor            
    Family: 26   Model: 68   Stepping: 0
    Features: aes amd apic avx avx2 avx512f avx512cd avx512bw avx512vl avx512bf16 avx512secondFMA clfsh cmov cx8 cx16 f16c fma htt lahf misalignsse mmx msr nonstop_tsc pclmuldq pdpe1gb popcnt pse rdrnd rdtscp sha sse2 sse3 sse4a sse4.1 sse4.2 ssse3
  Hardware topology: Basic
    Packages, cores, and logical processors:
    [indices refer to OS logical processors]
      Package  0: [   0   1] [   2   3] [   4   5] [   6   7] [   8   9] [  10  11] [  12  13] [  14  15] [  16  17] [  18  19] [  20  21] [  22  23] [  24  25] [  26  27] [  28  29] [  30  31]
    CPU limit set by OS: -1   Recommended max number of threads: 32


++++ PLEASE READ AND CITE THE FOLLOWING REFERENCE ++++
M. J. Abraham, T. Murtola, R. Schulz, S. Páll, J. C. Smith, B. Hess, E.
Lindahl
GROMACS: High performance molecular simulations through multi-level
parallelism from laptops to supercomputers
SoftwareX (2015)
DOI: 10.1016/j.softx.2015.06.001
-------- -------- --- Thank You --- -------- --------


++++ PLEASE READ AND CITE THE FOLLOWING REFERENCE ++++
S. Páll, M. J. Abraham, C. Kutzner, B. Hess, E. Lindahl
Tackling Exascale Software Challenges in Molecular Dynamics Simulations with
GROMACS
In S. Markidis & E. Laure (Eds.), Solving Software Challenges for Exascale (2015)
DOI: 10.1007/978-3-319-15976-8_1
-------- -------- --- Thank You --- -------- --------


++++ PLEASE READ AND CITE THE FOLLOWING REFERENCE ++++
S. Pronk, S. Páll, R. Schulz, P. Larsson, P. Bjelkmar, R. Apostolov, M. R.
Shirts, J. C. Smith, P. M. Kasson, D. van der Spoel, B. Hess, E. Lindahl
GROMACS 4.5: a high-throughput and highly parallel open source molecular
simulation toolkit
Bioinformatics (2013)
DOI: 10.1093/bioinformatics/btt055
-------- -------- --- Thank You --- -------- --------


++++ PLEASE READ AND CITE THE FOLLOWING REFERENCE ++++
B. Hess, C. Kutzner, D. van der Spoel, E. Lindahl
GROMACS 4: Algorithms for highly efficient, load-balanced, and scalable
molecular simulation
J. Chem. Theory Comput. (2008)
DOI: 10.1021/ct700301q
-------- -------- --- Thank You --- -------- --------


++++ PLEASE READ AND CITE THE FOLLOWING REFERENCE ++++
D. van der Spoel, E. Lindahl, B. Hess, G. Groenhof, A. E. Mark, H. J. C.
Berendsen
GROMACS: Fast, Flexible and Free
J. Comp. Chem. (2005)
DOI: 10.1002/jcc.20291
-------- -------- --- Thank You --- -------- --------


++++ PLEASE READ AND CITE THE FOLLOWING REFERENCE ++++
E. Lindahl, B. Hess, D. van der Spoel
GROMACS 3.0: A package for molecular simulation and trajectory analysis
J. Mol. Mod. (2001)
DOI: 10.1007/s008940100045
-------- -------- --- Thank You --- -------- --------


++++ PLEASE READ AND CITE THE FOLLOWING REFERENCE ++++
H. J. C. Berendsen, D. van der Spoel and R. van Drunen
GROMACS: A message-passing parallel molecular dynamics implementation
Comp. Phys. Comm. (1995)
DOI: 10.1016/0010-4655(95)00042-E
-------- -------- --- Thank You --- -------- --------


++++ PLEASE CITE THE DOI FOR THIS VERSION OF GROMACS ++++
https://doi.org/10.5281/zenodo.16992621
-------- -------- --- Thank You --- -------- --------

Input Parameters:
   integrator                     = md-vv
   tinit                          = 0
   dt                             = 0.002
   nsteps                         = 5000
   init-step                      = 0
   simulation-part                = 1
   mts                            = false
   mass-repartition-factor        = 1
   comm-mode                      = Linear
   nstcomm                        = 100
   bd-fric                        = 0
   ld-seed                        = -1210306945
   emtol                          = 10
   emstep                         = 0.01
   niter                          = 20
   fcstep                         = 0
   nstcgsteep                     = 1000
   nbfgscorr                      = 10
   rtpi                           = 0.05
   nstxout                        = 10
   nstvout                        = 10
   nstfout                        = 0
   nstlog                         = 1000
   nstcalcenergy                  = 10
   nstenergy                      = 10
   nstxout-compressed             = 0
   compressed-x-precision         = 1000
   cutoff-scheme                  = Verlet
   nstlist                        = 10
   pbc                            = xyz
   periodic-molecules             = false
   verlet-buffer-tolerance        = 0.005
   verlet-buffer-pressure-tolerance = 0.5
   rlist                          = 1.005
   coulombtype                    = PME
   coulomb-modifier               = Potential-shift
   rcoulomb-switch                = 0
   rcoulomb                       = 1
   epsilon-r                      = 1
   epsilon-rf                     = inf
   vdw-type                       = Cut-off
   vdw-modifier                   = Potential-shift
   rvdw-switch                    = 0
   rvdw                           = 1
   DispCorr                       = No
   table-extension                = 1
   fourierspacing                 = 0.1
   fourier-nx                     = 72
   fourier-ny                     = 60
   fourier-nz                     = 48
   pme-order                      = 4
   ewald-rtol                     = 0.000236098
   ewald-rtol-lj                  = 0.001
   lj-pme-comb-rule               = Geometric
   ewald-geometry                 = 3d
   epsilon-surface                = 0
   ensemble-temperature-setting   = constant
   ensemble-temperature           = 300
   tcoupl                         = V-rescale
   nsttcouple                     = 10
   nh-chain-length                = 0
   print-nose-hoover-chain-variables = false
   pcoupl                         = No
   refcoord-scaling               = No
   posres-com: not available
   posres-comB: not available
   QMMM                           = false
qm-opts:
   ngQM                           = 0
   constraint-algorithm           = Lincs
   continuation                   = false
   Shake-SOR                      = false
   shake-tol                      = 0.0001
   lincs-order                    = 4
   lincs-iter                     = 1
   lincs-warnangle                = 30
   nwall                          = 0
   wall-type                      = 9-3
   wall-r-linpot                  = -1
   wall-atomtype[0]               = -1
   wall-atomtype[1]               = -1
   wall-density[0]                = 0
   wall-density[1]                = 0
   wall-ewald-zfac                = 3
   pull                           = false
   awh                            = false
   rotation                       = false
   interactiveMD                  = false
   disre                          = No
   disre-weighting                = Conservative
   disre-mixed                    = false
   dr-fc                          = 1000
   dr-tau                         = 0
   nstdisreout                    = 100
   orire-fc                       = 0
   orire-tau                      = 0
   nstorireout                    = 100
   free-energy                    = no
   cos-acceleration               = 0
   deform (3x3):
      deform[    0]={ 0.00000e+00,  0.00000e+00,  0.00000e+00}
      deform[    1]={ 0.00000e+00,  0.00000e+00,  0.00000e+00}
      deform[    2]={ 0.00000e+00,  0.00000e+00,  0.00000e+00}
   simulated-tempering            = false
   swapcoords                     = no
   userint1                       = 0
   userint2                       = 0
   userint3                       = 0
   userint4                       = 0
   userreal1                      = 0
   userreal2                      = 0
   userreal3                      = 0
   userreal4                      = 0
   applied-forces:
     electric-field:
       x:
         E0                       = 0
         omega                    = 0
         t0                       = 0
         sigma                    = 0
       y:
         E0                       = 0
         omega                    = 0
         t0                       = 0
         sigma                    = 0
       z:
         E0                       = 0
         omega                    = 0
         t0                       = 0
         sigma                    = 0
     density-guided-simulation:
       active                     = false
       group                      = protein
       similarity-measure         = inner-product
       atom-spreading-weight      = unity
       force-constant             = 1e+09
       gaussian-transform-spreading-width = 0.2
       gaussian-transform-spreading-range-in-multiples-of-width = 4
       reference-density-filename = reference.mrc
       nst                        = 1
       normalize-densities        = true
       adaptive-force-scaling     = false
       adaptive-force-scaling-time-constant = 4
       shift-vector               = 
       transformation-matrix      = 
     qmmm-cp2k:
       active                     = false
       qmgroup                    = System
       qmmethod                   = PBE
       qmfilenames                = 
       qmcharge                   = 0
       qmmultiplicity             = 1
     colvars:
       active                     = false
       configfile                 = 
       seed                       = -1
     nnpot:
       active                     = false
       modelfile                  = model.pt
       input-group                = System
       model-input1               = 
       model-input2               = 
       model-input3               = 
       model-input4               = 
grpopts:
   nrdf:        4197
   ref-t:         300
   tau-t:         0.1
annealing:          No
annealing-npoints:           0
   acc:	           0           0           0
   nfreeze:           N           N           N
   energygrp-flags[  0]: 0

Changing nstlist from 10 to 50, rlist from 1.005 to 1.122

Update groups can not be used for this system because atoms that are (in)directly constrained together are interdispersed with other atoms

Initializing Domain Decomposition on 16 ranks
Dynamic load balancing: auto
Minimum cell size due to atom displacement: 0.472 nm
Initial maximum distances in bonded interactions:
    two-body bonded interactions: 0.384 nm, Exclusion, atoms 1294 1297
  multi-body bonded interactions: 0.384 nm, Proper Dih., atoms 1294 1297
Minimum cell size due to bonded interactions: 0.423 nm
Maximum distance for 5 constraints, at 120 deg. angles, all-trans: 0.219 nm
Estimated maximum distance required for P-LINCS: 0.219 nm
Scaling the initial minimum size with 1/0.8 (option -dds) = 1.25
Using 0 separate PME ranks because: there are too few total ranks for efficient splitting
Optimizing the DD grid for 16 cells with a minimum initial size of 0.590 nm
The maximum allowed number of cells is: X 12 Y 9 Z 7
Domain decomposition grid 4 x 4 x 1, separate PME ranks 0
PME domain decomposition: 4 x 4 x 1
Domain decomposition rank 0, coordinates 0 0 0

The initial number of communication pulses is: X 1 Y 1
The initial domain decomposition cell size is: X 1.78 nm Y 1.43 nm

The maximum allowed distance for atoms involved in interactions is:
                 non-bonded interactions           1.122 nm
            two-body bonded interactions  (-rdd)   1.122 nm
          multi-body bonded interactions  (-rdd)   1.122 nm
              virtual site constructions  (-rcon)  1.430 nm
  atoms separated by up to 5 constraints  (-rcon)  1.430 nm

When dynamic load balancing gets turned on, these settings will change to:
The maximum number of communication pulses is: X 1 Y 1
The minimum size for domain decomposition cells is 1.122 nm
The requested allowed shrink of DD cells (option -dds) is: 0.80
The allowed shrink of domain decomposition cells is: X 0.63 Y 0.78
The maximum allowed distance for atoms involved in interactions is:
                 non-bonded interactions           1.122 nm
            two-body bonded interactions  (-rdd)   1.122 nm
          multi-body bonded interactions  (-rdd)   1.122 nm
              virtual site constructions  (-rcon)  1.122 nm
  atoms separated by up to 5 constraints  (-rcon)  1.122 nm

Local state does not use filler particles

Using 16 MPI threads
Using 2 OpenMP threads per tMPI thread

System total charge: 8.364
Will do PME sum in reciprocal space for electrostatic interactions.

++++ PLEASE READ AND CITE THE FOLLOWING REFERENCE ++++
U. Essmann, L. Perera, M. L. Berkowitz, T. Darden, H. Lee, L. G. Pedersen 
A smooth particle mesh Ewald method
J. Chem. Phys. (1995)
DOI: 10.1063/1.470117
-------- -------- --- Thank You --- -------- --------

Using a Gaussian width (1/beta) of 0.384623 nm for Ewald
Potential shift: LJ r^-12: -1.000e+00 r^-6: -1.000e+00, Ewald -2.361e-04
Initialized non-bonded Coulomb Ewald tables, spacing: 1.02e-03 size: 979



Using SIMD2xMM 4x8 nonbonded short-range kernels

Using a dual 4x8 pair-list setup updated with dynamic pruning:
  outer list: updated every 50 steps, buffer 0.122 nm, rlist 1.122 nm
  inner list: updated every  9 steps, buffer 0.003 nm, rlist 1.003 nm
At tolerance 0.005 kJ/mol/ps per atom, equivalent classical 1x1 list would be:
  outer list: updated every 50 steps, buffer 0.232 nm, rlist 1.232 nm
  inner list: updated every  9 steps, buffer 0.032 nm, rlist 1.032 nm

The average pressure is off by at most 0.07 bar due to missing LJ interactions

Using Lorentz-Berthelot Lennard-Jones combination rule
Removing pbc first time

Linking all bonded interactions to atoms
There are 160 inter update-group virtual sites,
will perform an extra communication step for selected coordinates and forces


Pinning threads with an auto-selected logical cpu stride of 1

Initializing Parallel LINear Constraint Solver

++++ PLEASE READ AND CITE THE FOLLOWING REFERENCE ++++
B. Hess
P-LINCS: A Parallel Linear Constraint Solver for molecular simulation
J. Chem. Theory Comput. (2008)
DOI: 10.1021/ct700200b
-------- -------- --- Thank You --- -------- --------

The number of constraints is 720
There are constraints between atoms in different decomposition domains,
will communicate selected coordinates each lincs iteration

++++ PLEASE READ AND CITE THE FOLLOWING REFERENCE ++++
S. Miyamoto, P. A. Kollman
SETTLE: An Analytical Version of the SHAKE and RATTLE Algorithms for Rigid
Water Models
J. Comp. Chem. (1992)
DOI: 10.1002/jcc.540130805
-------- -------- --- Thank You --- -------- --------

Intra-simulation communication will occur every 10 steps.

++++ PLEASE READ AND CITE THE FOLLOWING REFERENCE ++++
G. Bussi, D. Donadio, M. Parrinello
Canonical sampling through velocity rescaling
J. Chem. Phys. (2007)
DOI: 10.1063/1.2408420
-------- -------- --- Thank You --- -------- --------

There are: 1800 Atoms
There are: 160 VSites
Atom distribution over 16 domains: av 122 stddev 45 min 66 max 192

Constraining the starting coordinates (step 0)
Center of mass motion removal mode is Linear
We have the following groups for center of mass motion removal:
  0:  rest
RMS relative constraint deviation after constraining: 7.77e-07
Initial temperature: 300.15 K

Started mdrun on rank 0 Thu May 28 15:29:53 2026

           Step           Time
              0        0.00000

   Energies (kJ/mol)
           Bond          Angle    Proper Dih. Per. Imp. Dih.        LJ (SR)
    3.25599e+01    2.27874e+02    1.48134e+03    6.66383e+01   -5.72295e+02
   Coulomb (SR)   Coul. recip.      Potential    Kinetic En.   Total Energy
   -2.37073e+03    3.61658e+02   -7.72962e+02    5.23700e+03    4.46403e+03
  Conserved En.    Temperature Pressure (bar)   Constr. rmsd
    4.46403e+03    3.00150e+02    2.20596e+02    3.27960e-06


DD  step 49 load imb.: force 15.8%

step 100 Turning on dynamic load balancing, because the performance loss due to load imbalance is 4.0 %.

DD  load balancing is limited by minimum cell size in dimension X Y
DD  step 999  vol min/aver 0.524! load imb.: force 15.9%
           Step           Time
           1000        2.00000

   Energies (kJ/mol)
           Bond          Angle    Proper Dih. Per. Imp. Dih.        LJ (SR)
    5.38115e+02    1.47765e+03    1.63153e+03    6.76010e+01    7.94979e+01
   Coulomb (SR)   Coul. recip.      Potential    Kinetic En.   Total Energy
   -3.50350e+03    3.65959e+02    6.56854e+02    5.21370e+03    5.87055e+03
  Conserved En.    Temperature Pressure (bar)   Constr. rmsd
    4.50562e+03    2.98815e+02    3.47428e+01    1.92794e-06


DD  load balancing is limited by minimum cell size in dimension Y
DD  step 1999  vol min/aver 0.541! load imb.: force 29.0%

step 2000 Turning off dynamic load balancing, because it is degrading performance.
Atom distribution over 16 domains: av 122 stddev 52 min 46 max 240
           Step           Time
           2000        4.00000

   Energies (kJ/mol)
           Bond          Angle    Proper Dih. Per. Imp. Dih.        LJ (SR)
    5.14432e+02    1.65891e+03    1.65901e+03    6.04842e+01    3.09071e+02
   Coulomb (SR)   Coul. recip.      Potential    Kinetic En.   Total Energy
   -4.43367e+03    3.39535e+02    1.07762e+02    5.31733e+03    5.42510e+03
  Conserved En.    Temperature Pressure (bar)   Constr. rmsd
    4.50435e+03    3.04755e+02    9.83264e+01    2.08431e-06


DD  step 2999 load imb.: force 49.4%
           Step           Time
           3000        6.00000

   Energies (kJ/mol)
           Bond          Angle    Proper Dih. Per. Imp. Dih.        LJ (SR)
    5.56313e+02    1.74133e+03    1.61873e+03    5.70633e+01    3.52882e+02
   Coulomb (SR)   Coul. recip.      Potential    Kinetic En.   Total Energy
   -5.32851e+03    3.70209e+02   -6.31981e+02    5.27981e+03    4.64783e+03
  Conserved En.    Temperature Pressure (bar)   Constr. rmsd
    4.49709e+03    3.02604e+02    7.66601e+01    2.26385e-06


DD  step 3999 load imb.: force 67.8%
           Step           Time
           4000        8.00000

   Energies (kJ/mol)
           Bond          Angle    Proper Dih. Per. Imp. Dih.        LJ (SR)
    6.09865e+02    1.75433e+03    1.65060e+03    5.63984e+01    2.68598e+01
   Coulomb (SR)   Coul. recip.      Potential    Kinetic En.   Total Energy
   -5.34882e+03    3.02289e+02   -9.48481e+02    5.43574e+03    4.48726e+03
  Conserved En.    Temperature Pressure (bar)   Constr. rmsd
    4.49732e+03    3.11541e+02    2.74340e+00    2.16356e-06


DD  step 4999 load imb.: force 67.6%

step 5000 Turning on dynamic load balancing, because the performance loss due to load imbalance is 5.5 %.
           Step           Time
           5000       10.00000

Writing checkpoint, step 5000 at Thu May 28 15:29:56 2026


   Energies (kJ/mol)
           Bond          Angle    Proper Dih. Per. Imp. Dih.        LJ (SR)
    6.65965e+02    1.80152e+03    1.58265e+03    5.25331e+01    1.26299e+02
   Coulomb (SR)   Coul. recip.      Potential    Kinetic En.   Total Energy
   -5.84234e+03    3.03938e+02   -1.30944e+03    5.33165e+03    4.02221e+03
  Conserved En.    Temperature Pressure (bar)   Constr. rmsd
    4.49360e+03    3.05576e+02    6.92762e-01    2.37161e-06


Energy conservation over simulation part #1 of length 10 ps, time 0 to 10 ps
  Conserved energy drift: 1.51e-03 kJ/mol/ps per atom


	<======  ###############  ==>
	<====  A V E R A G E S  ====>
	<==  ###############  ======>

	Statistics over 5001 steps using 501 frames

   Energies (kJ/mol)
           Bond          Angle    Proper Dih. Per. Imp. Dih.        LJ (SR)
    5.64906e+02    1.69486e+03    1.62643e+03    5.84398e+01    6.92824e+01
   Coulomb (SR)   Coul. recip.      Potential    Kinetic En.   Total Energy
   -4.50781e+03    3.44700e+02   -1.49199e+02    5.22285e+03    5.07365e+03
  Conserved En.    Temperature Pressure (bar)   Constr. rmsd
    4.50126e+03    2.99340e+02   -1.64818e+00    0.00000e+00

   Total Virial (kJ/mol)
    1.78441e+03    5.49701e+00    4.19658e+00
    5.55229e+00    1.74574e+03   -5.16865e+00
    4.24465e+00   -5.18314e+00    1.72037e+03

   Pressure (bar)
   -1.14093e+01    3.88936e-01   -1.56528e+00
    3.79057e-01    2.44970e+00   -6.85047e-01
   -1.57387e+00   -6.82457e-01    4.01505e+00


	M E G A - F L O P S   A C C O U N T I N G

 NB=Group-cutoff nonbonded kernels    NxN=N-by-N cluster Verlet kernels
 RF=Reaction-Field  VdW=Van der Waals  QSTab=quadratic-spline table
 W3=SPC/TIP3p  W4=TIP4p (single or pairs)
 V&F=Potential and force  V=Potential only  F=Force only

 Computing:                               M-Number         M-Flops  % Flops
-----------------------------------------------------------------------------
 Pair Search distance check              15.556244         140.006     0.0
 NxN Ewald Elec. + LJ [F]               920.312640       60740.634    14.1
 NxN Ewald Elec. + LJ [V&F]             102.516112       10969.224     2.5
 NxN LJ [F]                               0.561600          18.533     0.0
 NxN LJ [V&F]                             0.062400           2.683     0.0
 NxN Ewald Elec. [F]                    269.547840       16442.418     3.8
 NxN Ewald Elec. [V&F]                   30.028880        2522.426     0.6
 Calc Weights                            29.405880        1058.612     0.2
 Spread Q Bspline                       627.325440        1254.651     0.3
 Gather F Bspline                       627.325440        3763.953     0.9
 3D-FFT                               36630.784692      293046.278    67.9
 Solve PME                              540.108000       34566.912     8.0
 Reset In Box                             0.196000           0.588     0.0
 CG-CoM                                   0.199920           0.600     0.0
 Bonds                                    3.000600         177.035     0.0
 Angles                                  11.602320        1949.190     0.5
 Propers                                 13.602720        3115.023     0.7
 Impropers                                1.400280         291.258     0.1
 Virial                                   1.342680          24.168     0.0
 Stop-CM                                  0.101920           1.019     0.0
 Calc-Ekin                                1.961960          52.973     0.0
 Lincs                                    8.003552         480.213     0.1
 Lincs-Mat                               55.240800         220.963     0.1
 Constraint-V                            10.650991          95.859     0.0
 Constraint-Vir                           1.067071          25.610     0.0
 Settle                                   1.766296         653.530     0.2
 Virtual Site 3                           0.880320          32.572     0.0
-----------------------------------------------------------------------------
 Total                                                  431646.930   100.0
-----------------------------------------------------------------------------


    D O M A I N   D E C O M P O S I T I O N   S T A T I S T I C S

 av. #atoms communicated per step for force:  2 x 3814.7
 av. #atoms communicated per step for vsites: 3 x 18.6
 av. #atoms communicated per step for LINCS:  2 x 170.7


Dynamic load balancing report:
 DLB was turned on during the run due to measured imbalance.
 Average load imbalance: 28.3%.
 The balanceable part of the MD step is 19%, load imbalance is computed from this.
 Part of the total run time spent waiting due to load imbalance: 5.5%.
 Steps where the load balancing was limited by -rdd, -rcon and/or -dds: X 0 % Y 1 %

NOTE: 5.5 % of the available CPU time was lost due to load imbalance
      in the domain decomposition.
      You can consider manually changing the decomposition (option -dd);
      e.g. by using fewer domains along the box dimension in which there is
      considerable inhomogeneity in the simulated system.

      R E A L   C Y C L E   A N D   T I M E   A C C O U N T I N G

On 16 MPI ranks, each using 2 OpenMP threads

 Activity:              Num   Num      Call    Wall time         Giga-Cycles
                        Ranks Threads  Count      (s)         total sum    %
--------------------------------------------------------------------------------
 Domain decomp.           16    2        101       0.035          4.835   1.2
 DD comm. load            16    2         24       0.000          0.053   0.0
 DD comm. bounds          16    2         20       0.000          0.047   0.0
 Vsite constr.            16    2       5502       0.038          5.326   1.3
 Neighbor search          16    2        101       0.009          1.235   0.3
 Comm. coord.             16    2       4900       0.112         15.585   3.7
 Force                    16    2       5001       0.249         34.584   8.3
 Wait + Comm. F           16    2       5001       0.068          9.467   2.3
 PME mesh                 16    2       5001       1.893        263.057  63.1
 NB X/F buffer ops.       16    2      14902       0.042          5.826   1.4
 Vsite spread             16    2       5502       0.032          4.389   1.1
 Write traj.              16    2        501       0.024          3.394   0.8
 Update                   16    2      16004       0.045          6.206   1.5
 Constraints              16    2      10004       0.250         34.794   8.3
 Kinetic energy           16    2       1000       0.002          0.329   0.1
 Comm. energies           16    2       1002       0.181         25.163   6.0
 Rest                                              0.018          2.544   0.6
--------------------------------------------------------------------------------
 Total                                             3.000        416.835 100.0
--------------------------------------------------------------------------------
 Breakdown of PME mesh activities
--------------------------------------------------------------------------------
 PME redist. X/F          16    2      10002       0.537         74.570  17.9
 PME spread               16    2       5001       0.258         35.806   8.6
 PME gather               16    2       5001       0.238         33.108   7.9
 PME 3D-FFT               16    2      10002       0.402         55.831  13.4
 PME 3D-FFT Comm.         16    2      20004       0.426         59.213  14.2
 PME solve Elec           16    2       5001       0.029          4.027   1.0
--------------------------------------------------------------------------------

NOTE: 6 % of the run time was spent communicating energies,
      you might want to increase some nst* mdp options

               Core t (s)   Wall t (s)        (%)
       Time:       96.000        3.000     3200.0
                 (ns/day)    (hour/ns)
Performance:      288.058        0.083
Finished mdrun on rank 0 Thu May 28 15:29:56 2026

